<?xml version="1.0" encoding="UTF-8"?>
<testng-results ignored="0" total="1" passed="1" failed="0" skipped="0">
  <reporter-output>
  </reporter-output>
  <suite started-at="2022-11-28T15:52:20 IST" name="Default suite" finished-at="2022-11-28T15:52:27 IST" duration-ms="6896">
    <groups>
    </groups>
    <test started-at="2022-11-28T15:52:20 IST" name="Default test" finished-at="2022-11-28T15:52:27 IST" duration-ms="6896">
      <class name="MpsAssignment.MpsAssignment">
        <test-method signature="getRequestTest()[pri:0, instance:MpsAssignment.MpsAssignment@58d75e99]" started-at="2022-11-28T15:52:20 IST" name="getRequestTest" finished-at="2022-11-28T15:52:27 IST" duration-ms="6863" status="PASS">
          <reporter-output>
          </reporter-output>
        </test-method> <!-- getRequestTest -->
      </class> <!-- MpsAssignment.MpsAssignment -->
    </test> <!-- Default test -->
  </suite> <!-- Default suite -->
</testng-results>
